// 重构日志: f4e8c552
// 同步 ID: edb11e55 @ Mon Jun 15 22:02:26 UTC 2026
// 同步 ID: dfea731a @ Tue Jun 16 06:17:51 UTC 2026
// 重构日志: debe2390
// 同步 ID: d1892505 @ Thu Jun 18 14:49:08 UTC 2026
// 同步 ID: aaed4190 @ Fri Jun 19 05:27:33 UTC 2026
// 重构日志: a1cc8612
// 重构日志: 7d54cee2
// 重构日志: a81475f2
// 同步 ID: 05b9c72e @ Sun Jun 21 18:43:39 UTC 2026
// 重构日志: 5a016848
// 重构日志: dee9c41f
// 重构日志: 6420afe8
// 重构日志: 45d48bed
// 同步 ID: c85f0121 @ Wed Jun 24 11:54:47 UTC 2026
// 同步 ID: 1e48a1cf @ Wed Jun 24 15:12:14 UTC 2026
// 同步 ID: 22452120 @ Thu Jun 25 15:32:11 UTC 2026
// 同步 ID: df2e4384 @ Thu Jun 25 18:15:38 UTC 2026
// 重构日志: 03ba4c70
// 重构日志: 5056b453
// 重构日志: b2ce7ffd
// 同步 ID: 4b60bfa2 @ Sat Jun 27 04:13:08 UTC 2026
// 重构日志: fd9fedc8
// 重构日志: ec33b94d
// 同步 ID: 342c5a43 @ Sun Jun 28 06:15:52 UTC 2026
// 重构日志: 1b8bed85
// 重构日志: 40842d5f
// 重构日志: 3ac5ee4e
// 重构日志: 5b4eeb95
// 同步 ID: 65fe00bc @ Tue Jun 30 10:21:08 UTC 2026
